生成启动时间为 2013/1/14 15:31:42。
     1>项目“E:\ecc82meteor\ECC8_BACKEND\Server\kennel\node_module\sv_addon\sv_addon.vcxproj”在节点 2 上(build 个目标)。
     1>InitializeBuildStatus:
         正在创建“E:\ecc82meteor\ECC8_BACKEND\Server\kennel\node_module\Release\sv_addon\sv_addon.unsuccessfulbuild”，因为已指定“AlwaysCreate”。
       ClCompile:
         D:\Program Files (x86)\Microsoft Visual Studio 10.0\VC\bin\CL.exe /c /I"..\node-v0.8.16\src" /I"..\node-v0.8.16\deps\uv\include" /I"..\node-v0.8.16\deps\v8\include" /I..\addon /Zi /nologo /W3 /WX- /O2 /Oi /Oy- /GL /D WIN32 /D NDEBUG /D _USRDLL /D SV_ADDON_EXPORTS /D _WINDLL /D _MBCS /Gm- /EHsc /MD /GS /Gy /fp:precise /Zc:wchar_t /Zc:forScope /Fo"E:\ecc82meteor\ECC8_BACKEND\Server\kennel\node_module\Release\sv_addon\\" /Fd"E:\ecc82meteor\ECC8_BACKEND\Server\kennel\node_module\Release\sv_addon\vc100.pdb" /Gd /TP /wd4996 /analyze- /errorReport:prompt addonfunc.cpp
         addonfunc.cpp
       Link:
         D:\Program Files (x86)\Microsoft Visual Studio 10.0\VC\bin\link.exe /ERRORREPORT:PROMPT /OUT:"E:\ecc82meteor\ECC8_BACKEND\Server\kennel\node_module\Release\sv_addon.dll" /INCREMENTAL:NO /NOLOGO /LIBPATH:E:\ecc82meteor\ECC8_BACKEND\Server\kennel\node_module\Release\ node.lib ws2_32.lib libutil.lib ccgnu2.lib addon.lib kernel32.lib user32.lib gdi32.lib winspool.lib comdlg32.lib advapi32.lib shell32.lib ole32.lib oleaut32.lib uuid.lib odbc32.lib odbccp32.lib /MANIFEST /ManifestFile:"E:\ecc82meteor\ECC8_BACKEND\Server\kennel\node_module\Release\sv_addon\sv_addon.dll.intermediate.manifest" /MANIFESTUAC:"level='asInvoker' uiAccess='false'" /DEBUG /PDB:"E:\ecc82meteor\ECC8_BACKEND\Server\kennel\node_module\Release\sv_addon.pdb" /SUBSYSTEM:WINDOWS /OPT:REF /OPT:ICF /LTCG /TLBID:1 /DYNAMICBASE /NXCOMPAT /IMPLIB:"E:\ecc82meteor\ECC8_BACKEND\Server\kennel\node_module\Release\sv_addon.lib" /MACHINE:X86 /DLL E:\ecc82meteor\ECC8_BACKEND\Server\kennel\node_module\Release\sv_addon\addonfunc.obj
         E:\ecc82meteor\ECC8_BACKEND\Server\kennel\node_module\Release\sv_addon\sv_addon.obj
            正在创建库 E:\ecc82meteor\ECC8_BACKEND\Server\kennel\node_module\Release\sv_addon.lib 和对象 E:\ecc82meteor\ECC8_BACKEND\Server\kennel\node_module\Release\sv_addon.exp
         正在生成代码
         已完成代码的生成
         sv_addon.vcxproj -> E:\ecc82meteor\ECC8_BACKEND\Server\kennel\node_module\Release\sv_addon.dll
       Manifest:
         C:\Program Files (x86)\Microsoft SDKs\Windows\v7.0A\bin\mt.exe /nologo /verbose /outputresource:"E:\ecc82meteor\ECC8_BACKEND\Server\kennel\node_module\Release\sv_addon.dll;#2" /manifest E:\ecc82meteor\ECC8_BACKEND\Server\kennel\node_module\Release\sv_addon\sv_addon.dll.intermediate.manifest
       PostBuildEvent:
         copy E:\ecc82meteor\ECC8_BACKEND\Server\kennel\node_module\Release\sv_addon.dll  E:\ecc82meteor\ECC8_BACKEND\Server\kennel\node_module\node_runtime\sv_addon.node
         :VCEnd
         已复制         1 个文件。
       FinalizeBuildStatus:
         正在删除文件“E:\ecc82meteor\ECC8_BACKEND\Server\kennel\node_module\Release\sv_addon\sv_addon.unsuccessfulbuild”。
         正在对“E:\ecc82meteor\ECC8_BACKEND\Server\kennel\node_module\Release\sv_addon\sv_addon.lastbuildstate”执行 Touch 任务。
     1>已完成生成项目“E:\ecc82meteor\ECC8_BACKEND\Server\kennel\node_module\sv_addon\sv_addon.vcxproj”(build 个目标)的操作。

生成成功。

已用时间 00:00:14.05
